<?xml version='1.1' encoding='UTF-8'?>
<result plugin="junit@1.27">
  <suites>
    <suite>
      <file>/home/anil/.jenkins/workspace/Maven2/target/surefire-reports/TEST-simple_proj.AppTest.xml</file>
      <name>simple_proj.AppTest</name>
      <duration>0.014</duration>
      <time>0.014</time>
      <enclosingBlocks/>
      <enclosingBlockNames/>
      <cases>
        <case>
          <duration>0.001</duration>
          <className>simple_proj.AppTest</className>
          <testName>testApp</testName>
          <skipped>false</skipped>
          <failedSince>0</failedSince>
        </case>
      </cases>
    </suite>
  </suites>
  <duration>0.014</duration>
  <keepLongStdio>false</keepLongStdio>
</result>